[    83.616] (--) Log file renamed from "/home/nguyenngocaocuong/.local/share/xorg/Xorg.pid-1514.log" to "/home/nguyenngocaocuong/.local/share/xorg/Xorg.0.log"
[    83.618] 
X.Org X Server 1.20.5
X Protocol Version 11, Revision 0
[    83.618] Build Operating System: Linux 4.4.0-170-generic x86_64 Ubuntu
[    83.618] Current Operating System: Linux nguyenngocaocuong-VirtualBox 5.3.0-46-generic #38~18.04.1-Ubuntu SMP Tue Mar 31 04:17:56 UTC 2020 x86_64
[    83.618] Kernel command line: BOOT_IMAGE=/boot/vmlinuz-5.3.0-46-generic root=UUID=a0c55d06-3b51-4be5-bb84-6959d706d146 ro quiet splash
[    83.618] Build Date: 18 December 2019  08:15:29AM
[    83.618] xorg-server-hwe-18.04 2:1.20.5+git20191008-0ubuntu1~18.04.1 (For technical support please see http://www.ubuntu.com/support) 
[    83.618] Current version of pixman: 0.34.0
[    83.618] 	Before reporting problems, check http://wiki.x.org
	to make sure that you have the latest version.
[    83.618] Markers: (--) probed, (**) from config file, (==) default setting,
	(++) from command line, (!!) notice, (II) informational,
	(WW) warning, (EE) error, (NI) not implemented, (??) unknown.
[    83.618] (==) Log file: "/home/nguyenngocaocuong/.local/share/xorg/Xorg.0.log", Time: Sat May  9 23:28:19 2020
[    83.620] (==) Using system config directory "/usr/share/X11/xorg.conf.d"
[    83.623] (==) No Layout section.  Using the first Screen section.
[    83.623] (==) No screen section available. Using defaults.
[    83.623] (**) |-->Screen "Default Screen Section" (0)
[    83.623] (**) |   |-->Monitor "<default monitor>"
[    83.624] (==) No monitor specified for screen "Default Screen Section".
	Using a default monitor configuration.
[    83.624] (==) Automatically adding devices
[    83.624] (==) Automatically enabling devices
[    83.624] (==) Automatically adding GPU devices
[    83.624] (==) Automatically binding GPU devices
[    83.624] (==) Max clients allowed: 256, resource mask: 0x1fffff
[    83.624] (WW) The directory "/usr/share/fonts/X11/cyrillic" does not exist.
[    83.624] 	Entry deleted from font path.
[    83.624] (WW) The directory "/usr/share/fonts/X11/100dpi/" does not exist.
[    83.624] 	Entry deleted from font path.
[    83.624] (WW) The directory "/usr/share/fonts/X11/75dpi/" does not exist.
[    83.624] 	Entry deleted from font path.
[    83.624] (WW) The directory "/usr/share/fonts/X11/100dpi" does not exist.
[    83.624] 	Entry deleted from font path.
[    83.624] (WW) The directory "/usr/share/fonts/X11/75dpi" does not exist.
[    83.624] 	Entry deleted from font path.
[    83.624] (==) FontPath set to:
	/usr/share/fonts/X11/misc,
	/usr/share/fonts/X11/Type1,
	built-ins
[    83.624] (==) ModulePath set to "/usr/lib/xorg/modules"
[    83.624] (II) The server relies on udev to provide the list of input devices.
	If no devices become available, reconfigure udev or disable AutoAddDevices.
[    83.624] (II) Loader magic: 0x55f4272bb020
[    83.624] (II) Module ABI versions:
[    83.624] 	X.Org ANSI C Emulation: 0.4
[    83.624] 	X.Org Video Driver: 24.0
[    83.624] 	X.Org XInput driver : 24.1
[    83.624] 	X.Org Server Extension : 10.0
[    83.627] (++) using VT number 2

[    83.632] (II) systemd-logind: took control of session /org/freedesktop/login1/session/_32
[    83.634] (II) xfree86: Adding drm device (/dev/dri/card0)
[    83.639] (II) systemd-logind: got fd for /dev/dri/card0 226:0 fd 12 paused 0
[    83.641] (--) PCI:*(0@0:2:0) 15ad:0405:15ad:0405 rev 0, Mem @ 0xf0000000/16777216, 0xf1000000/2097152, I/O @ 0x0000d010/16, BIOS @ 0x????????/131072
[    83.641] (II) LoadModule: "glx"
[    83.644] (II) Loading /usr/lib/xorg/modules/extensions/libglx.so
[    83.649] (II) Module glx: vendor="X.Org Foundation"
[    83.649] 	compiled for 1.20.5, module version = 1.0.0
[    83.649] 	ABI class: X.Org Server Extension, version 10.0
[    83.649] (==) Matched vmware as autoconfigured driver 0
[    83.649] (==) Matched modesetting as autoconfigured driver 1
[    83.649] (==) Matched fbdev as autoconfigured driver 2
[    83.649] (==) Matched vesa as autoconfigured driver 3
[    83.649] (==) Assigned the driver to the xf86ConfigLayout
[    83.649] (II) LoadModule: "vmware"
[    83.649] (II) Loading /usr/lib/xorg/modules/drivers/vmware_drv.so
[    83.698] (II) Module vmware: vendor="X.Org Foundation"
[    83.698] 	compiled for 1.20.1, module version = 13.3.0
[    83.698] 	Module class: X.Org Video Driver
[    83.699] 	ABI class: X.Org Video Driver, version 24.0
[    83.699] (II) LoadModule: "modesetting"
[    83.699] (II) Loading /usr/lib/xorg/modules/drivers/modesetting_drv.so
[    83.702] (II) Module modesetting: vendor="X.Org Foundation"
[    83.702] 	compiled for 1.20.5, module version = 1.20.5
[    83.702] 	Module class: X.Org Video Driver
[    83.702] 	ABI class: X.Org Video Driver, version 24.0
[    83.702] (II) LoadModule: "fbdev"
[    83.702] (II) Loading /usr/lib/xorg/modules/drivers/fbdev_drv.so
[    83.704] (II) Module fbdev: vendor="X.Org Foundation"
[    83.704] 	compiled for 1.20.1, module version = 0.5.0
[    83.704] 	Module class: X.Org Video Driver
[    83.704] 	ABI class: X.Org Video Driver, version 24.0
[    83.704] (II) LoadModule: "vesa"
[    83.705] (II) Loading /usr/lib/xorg/modules/drivers/vesa_drv.so
[    83.707] (II) Module vesa: vendor="X.Org Foundation"
[    83.707] 	compiled for 1.20.1, module version = 2.4.0
[    83.707] 	Module class: X.Org Video Driver
[    83.707] 	ABI class: X.Org Video Driver, version 24.0
[    83.707] (II) vmware: driver for VMware SVGA: vmware0405, vmware0710
[    83.707] (II) modesetting: Driver for Modesetting Kernel Drivers: kms
[    83.707] (II) FBDEV: driver for framebuffer: fbdev
[    83.707] (II) VESA: driver for VESA chipsets: vesa
[    83.708] xf86EnableIOPorts: failed to set IOPL for I/O (Operation not permitted)
[    83.708] (WW) Falling back to old probe method for modesetting
[    83.708] (WW) Falling back to old probe method for fbdev
[    83.708] (II) Loading sub module "fbdevhw"
[    83.708] (II) LoadModule: "fbdevhw"
[    83.709] (II) Loading /usr/lib/xorg/modules/libfbdevhw.so
[    83.710] (II) Module fbdevhw: vendor="X.Org Foundation"
[    83.710] 	compiled for 1.20.5, module version = 0.0.2
[    83.710] 	ABI class: X.Org Video Driver, version 24.0
[    83.710] (EE) open /dev/fb0: Permission denied
[    83.710] (WW) VGA arbiter: cannot open kernel arbiter, no multi-card support
[    83.710] (II) vmware(0): Creating default Display subsection in Screen section
	"Default Screen Section" for depth/fbbpp 24/32
[    83.720] (--) vmware(0): DRM driver version is 2.15.0
[    83.720] (==) vmware(0): Depth 24, (--) framebuffer bpp 32
[    83.720] (==) vmware(0): RGB weight 888
[    83.721] (==) vmware(0): Default visual is TrueColor
[    83.721] (--) vmware(0): Min width 1, Max Width 8192.
[    83.721] (--) vmware(0): Min height 1, Max Height 8192.
[    83.721] (II) vmware(0): Output Virtual1 has no monitor section
[    83.721] (II) vmware(0): Output Virtual2 has no monitor section
[    83.722] (II) vmware(0): Output Virtual3 has no monitor section
[    83.722] (II) vmware(0): Output Virtual4 has no monitor section
[    83.723] (II) vmware(0): Output Virtual5 has no monitor section
[    83.723] (II) vmware(0): Output Virtual6 has no monitor section
[    83.723] (II) vmware(0): Output Virtual7 has no monitor section
[    83.723] (II) vmware(0): Output Virtual8 has no monitor section
[    83.723] (II) vmware(0): Printing probed modes for output Virtual1
[    83.723] (II) vmware(0): Modeline "1443x940"x60.0  104.18  1443 1493 1543 1593  940 990 1040 1090 -hsync +vsync (65.4 kHz eP)
[    83.723] (II) vmware(0): Modeline "2560x1600"x60.0  348.50  2560 2752 3032 3504  1600 1603 1609 1658 -hsync +vsync (99.5 kHz e)
[    83.724] (II) vmware(0): Modeline "1920x1440"x60.0  234.00  1920 2048 2256 2600  1440 1441 1444 1500 -hsync +vsync (90.0 kHz e)
[    83.724] (II) vmware(0): Modeline "1856x1392"x60.0  218.25  1856 1952 2176 2528  1392 1393 1396 1439 -hsync +vsync (86.3 kHz e)
[    83.724] (II) vmware(0): Modeline "1792x1344"x60.0  204.75  1792 1920 2120 2448  1344 1345 1348 1394 -hsync +vsync (83.6 kHz e)
[    83.724] (II) vmware(0): Modeline "1920x1200"x59.9  193.25  1920 2056 2256 2592  1200 1203 1209 1245 -hsync +vsync (74.6 kHz e)
[    83.724] (II) vmware(0): Modeline "1600x1200"x60.0  162.00  1600 1664 1856 2160  1200 1201 1204 1250 +hsync +vsync (75.0 kHz e)
[    83.724] (II) vmware(0): Modeline "1680x1050"x60.0  146.25  1680 1784 1960 2240  1050 1053 1059 1089 -hsync +vsync (65.3 kHz e)
[    83.724] (II) vmware(0): Modeline "1400x1050"x60.0  121.75  1400 1488 1632 1864  1050 1053 1057 1089 -hsync +vsync (65.3 kHz e)
[    83.724] (II) vmware(0): Modeline "1280x1024"x60.0  108.00  1280 1328 1440 1688  1024 1025 1028 1066 +hsync +vsync (64.0 kHz e)
[    83.724] (II) vmware(0): Modeline "1440x900"x59.9  106.50  1440 1520 1672 1904  900 903 909 934 -hsync +vsync (55.9 kHz e)
[    83.725] (II) vmware(0): Modeline "1280x960"x60.0  108.00  1280 1376 1488 1800  960 961 964 1000 +hsync +vsync (60.0 kHz e)
[    83.725] (II) vmware(0): Modeline "1360x768"x60.0   85.50  1360 1424 1536 1792  768 771 777 795 +hsync +vsync (47.7 kHz e)
[    83.725] (II) vmware(0): Modeline "1280x800"x59.8   83.50  1280 1352 1480 1680  800 803 809 831 +hsync -vsync (49.7 kHz e)
[    83.725] (II) vmware(0): Modeline "1152x864"x75.0  108.00  1152 1216 1344 1600  864 865 868 900 +hsync +vsync (67.5 kHz e)
[    83.725] (II) vmware(0): Modeline "1280x768"x59.9   79.50  1280 1344 1472 1664  768 771 778 798 -hsync +vsync (47.8 kHz e)
[    83.725] (II) vmware(0): Modeline "1024x768"x60.0   65.00  1024 1048 1184 1344  768 771 777 806 -hsync -vsync (48.4 kHz e)
[    83.726] (II) vmware(0): Modeline "800x600"x60.3   40.00  800 840 968 1056  600 601 605 628 +hsync +vsync (37.9 kHz e)
[    83.726] (II) vmware(0): Modeline "640x480"x59.9   25.18  640 656 752 800  480 489 492 525 -hsync -vsync (31.5 kHz e)
[    83.726] (II) vmware(0): EDID for output Virtual2
[    83.726] (II) vmware(0): EDID for output Virtual3
[    83.726] (II) vmware(0): EDID for output Virtual4
[    83.727] (II) vmware(0): EDID for output Virtual5
[    83.727] (II) vmware(0): EDID for output Virtual6
[    83.727] (II) vmware(0): EDID for output Virtual7
[    83.727] (II) vmware(0): EDID for output Virtual8
[    83.727] (II) vmware(0): Output Virtual1 connected
[    83.727] (II) vmware(0): Output Virtual2 disconnected
[    83.727] (II) vmware(0): Output Virtual3 disconnected
[    83.727] (II) vmware(0): Output Virtual4 disconnected
[    83.727] (II) vmware(0): Output Virtual5 disconnected
[    83.727] (II) vmware(0): Output Virtual6 disconnected
[    83.727] (II) vmware(0): Output Virtual7 disconnected
[    83.727] (II) vmware(0): Output Virtual8 disconnected
[    83.727] (II) vmware(0): Using exact sizes for initial modes
[    83.727] (II) vmware(0): Output Virtual1 using initial mode 1443x940 +0+0
[    83.727] (==) vmware(0): DPI set to (96, 96)
[    83.727] (==) vmware(0): Using gamma correction (1.0, 1.0, 1.0)
[    83.727] (II) Loading sub module "fb"
[    83.727] (II) LoadModule: "fb"
[    83.727] (II) Loading /usr/lib/xorg/modules/libfb.so
[    83.731] (II) Module fb: vendor="X.Org Foundation"
[    83.731] 	compiled for 1.20.5, module version = 1.0.0
[    83.731] 	ABI class: X.Org ANSI C Emulation, version 0.4
[    83.731] (II) Loading sub module "dri2"
[    83.731] (II) LoadModule: "dri2"
[    83.731] (II) Module "dri2" already built-in
[    83.731] (II) Loading sub module "dri3"
[    83.731] (II) LoadModule: "dri3"
[    83.731] (II) Module "dri3" already built-in
[    83.731] (II) UnloadModule: "modesetting"
[    83.731] (II) Unloading modesetting
[    83.731] (II) UnloadModule: "fbdev"
[    83.731] (II) Unloading fbdev
[    83.731] (II) UnloadSubModule: "fbdevhw"
[    83.731] (II) Unloading fbdevhw
[    83.731] (II) UnloadModule: "vesa"
[    83.731] (II) Unloading vesa
[    83.735] (II) vmware(0): Initialized VMWARE_CTRL extension version 0.2
[    83.750] (WW) vmware(0): Failed to initialize Gallium3D Xa. No render acceleration available.
[    83.750] (WW) vmware(0): Skipped initialization of direct rendering due to lack of render acceleration.
[    83.750] (--) vmware(0): Render acceleration is disabled.
[    83.750] (==) vmware(0): Rendercheck mode is disabled.
[    83.751] (--) vmware(0): Direct rendering (DRI2 3D) is disabled.
[    83.751] (--) vmware(0): Direct rendering (DRI3 3D) is disabled.
[    83.751] (==) vmware(0): Backing store enabled
[    83.751] (==) vmware(0): Silken mouse enabled
[    83.753] (==) vmware(0): DPMS enabled
[    83.753] (II) vmware(0): No 3D acceleration. Not setting up textured video.
[    83.753] (WW) vmware(0): Disabling Xv because no adaptors could be initialized.
[    83.753] (II) Initializing extension Generic Event Extension
[    83.753] (II) Initializing extension SHAPE
[    83.754] (II) Initializing extension MIT-SHM
[    83.754] (II) Initializing extension XInputExtension
[    83.755] (II) Initializing extension XTEST
[    83.755] (II) Initializing extension BIG-REQUESTS
[    83.756] (II) Initializing extension SYNC
[    83.756] (II) Initializing extension XKEYBOARD
[    83.758] (II) Initializing extension XC-MISC
[    83.758] (II) Initializing extension SECURITY
[    83.759] (II) Initializing extension XFIXES
[    83.759] (II) Initializing extension RENDER
[    83.761] (II) Initializing extension RANDR
[    83.763] (II) Initializing extension COMPOSITE
[    83.763] (II) Initializing extension DAMAGE
[    83.763] (II) Initializing extension MIT-SCREEN-SAVER
[    83.763] (II) Initializing extension DOUBLE-BUFFER
[    83.764] (II) Initializing extension RECORD
[    83.764] (II) Initializing extension DPMS
[    83.764] (II) Initializing extension Present
[    83.764] (II) Initializing extension DRI3
[    83.764] (II) Initializing extension X-Resource
[    83.767] (II) Initializing extension XVideo
[    83.768] (II) Initializing extension XVideo-MotionCompensation
[    83.768] (II) Initializing extension SELinux
[    83.769] (II) SELinux: Disabled on system
[    83.769] (II) Initializing extension GLX
[    83.769] (II) AIGLX: Screen 0 is not DRI2 capable
[    83.779] (II) IGLX: Loaded and initialized swrast
[    83.779] (II) GLX: Initialized DRISWRAST GL provider for screen 0
[    83.779] (II) Initializing extension XFree86-VidModeExtension
[    83.779] (II) Initializing extension XFree86-DGA
[    83.780] (II) Initializing extension XFree86-DRI
[    83.781] (II) Initializing extension DRI2
[    83.789] (II) vmware(0): Setting screen physical size to 381 x 248
[    83.864] (II) config/udev: Adding input device Power Button (/dev/input/event0)
[    83.864] (**) Power Button: Applying InputClass "libinput keyboard catchall"
[    83.864] (II) LoadModule: "libinput"
[    83.864] (II) Loading /usr/lib/xorg/modules/input/libinput_drv.so
[    83.868] (II) Module libinput: vendor="X.Org Foundation"
[    83.868] 	compiled for 1.20.1, module version = 0.28.1
[    83.868] 	Module class: X.Org XInput Driver
[    83.868] 	ABI class: X.Org XInput driver, version 24.1
[    83.868] (II) Using input driver 'libinput' for 'Power Button'
[    83.879] (II) systemd-logind: got fd for /dev/input/event0 13:64 fd 20 paused 0
[    83.879] (**) Power Button: always reports core events
[    83.879] (**) Option "Device" "/dev/input/event0"
[    83.879] (**) Option "_source" "server/udev"
[    83.881] (II) event0  - Power Button: is tagged by udev as: Keyboard
[    83.881] (II) event0  - Power Button: device is a keyboard
[    83.881] (II) event0  - Power Button: device removed
[    83.881] (**) Option "config_info" "udev:/sys/devices/LNXSYSTM:00/LNXPWRBN:00/input/input0/event0"
[    83.882] (II) XINPUT: Adding extended input device "Power Button" (type: KEYBOARD, id 6)
[    83.882] (**) Option "xkb_model" "pc105"
[    83.882] (**) Option "xkb_layout" "us"
[    83.882] (II) event0  - Power Button: is tagged by udev as: Keyboard
[    83.883] (II) event0  - Power Button: device is a keyboard
[    83.885] (II) config/udev: Adding input device Sleep Button (/dev/input/event1)
[    83.885] (**) Sleep Button: Applying InputClass "libinput keyboard catchall"
[    83.885] (II) Using input driver 'libinput' for 'Sleep Button'
[    83.886] (II) systemd-logind: got fd for /dev/input/event1 13:65 fd 23 paused 0
[    83.886] (**) Sleep Button: always reports core events
[    83.886] (**) Option "Device" "/dev/input/event1"
[    83.886] (**) Option "_source" "server/udev"
[    83.887] (II) event1  - Sleep Button: is tagged by udev as: Keyboard
[    83.887] (II) event1  - Sleep Button: device is a keyboard
[    83.887] (II) event1  - Sleep Button: device removed
[    83.887] (**) Option "config_info" "udev:/sys/devices/LNXSYSTM:00/LNXSLPBN:00/input/input1/event1"
[    83.887] (II) XINPUT: Adding extended input device "Sleep Button" (type: KEYBOARD, id 7)
[    83.887] (**) Option "xkb_model" "pc105"
[    83.887] (**) Option "xkb_layout" "us"
[    83.889] (II) event1  - Sleep Button: is tagged by udev as: Keyboard
[    83.889] (II) event1  - Sleep Button: device is a keyboard
[    83.890] (II) config/udev: Adding input device Video Bus (/dev/input/event3)
[    83.890] (**) Video Bus: Applying InputClass "libinput keyboard catchall"
[    83.890] (II) Using input driver 'libinput' for 'Video Bus'
[    83.891] (II) systemd-logind: got fd for /dev/input/event3 13:67 fd 24 paused 0
[    83.891] (**) Video Bus: always reports core events
[    83.891] (**) Option "Device" "/dev/input/event3"
[    83.892] (**) Option "_source" "server/udev"
[    83.892] (II) event3  - Video Bus: is tagged by udev as: Keyboard
[    83.892] (II) event3  - Video Bus: device is a keyboard
[    83.892] (II) event3  - Video Bus: device removed
[    83.893] (**) Option "config_info" "udev:/sys/devices/LNXSYSTM:00/LNXSYBUS:00/PNP0A03:00/LNXVIDEO:00/input/input4/event3"
[    83.893] (II) XINPUT: Adding extended input device "Video Bus" (type: KEYBOARD, id 8)
[    83.893] (**) Option "xkb_model" "pc105"
[    83.893] (**) Option "xkb_layout" "us"
[    83.895] (II) event3  - Video Bus: is tagged by udev as: Keyboard
[    83.895] (II) event3  - Video Bus: device is a keyboard
[    83.897] (II) config/udev: Adding input device VirtualBox mouse integration (/dev/input/event6)
[    83.897] (**) VirtualBox mouse integration: Applying InputClass "libinput pointer catchall"
[    83.897] (II) Using input driver 'libinput' for 'VirtualBox mouse integration'
[    83.898] (II) systemd-logind: got fd for /dev/input/event6 13:70 fd 25 paused 0
[    83.898] (**) VirtualBox mouse integration: always reports core events
[    83.898] (**) Option "Device" "/dev/input/event6"
[    83.898] (**) Option "_source" "server/udev"
[    83.899] (II) event6  - VirtualBox mouse integration: is tagged by udev as: Mouse
[    83.899] (II) event6  - VirtualBox mouse integration: device is a pointer
[    83.899] (II) event6  - VirtualBox mouse integration: device removed
[    83.900] (**) Option "config_info" "udev:/sys/devices/pci0000:00/0000:00:04.0/input/input7/event6"
[    83.901] (II) XINPUT: Adding extended input device "VirtualBox mouse integration" (type: MOUSE, id 9)
[    83.901] (**) Option "AccelerationScheme" "none"
[    83.901] (**) VirtualBox mouse integration: (accel) selected scheme none/0
[    83.901] (**) VirtualBox mouse integration: (accel) acceleration factor: 2.000
[    83.901] (**) VirtualBox mouse integration: (accel) acceleration threshold: 4
[    83.902] (II) event6  - VirtualBox mouse integration: is tagged by udev as: Mouse
[    83.902] (II) event6  - VirtualBox mouse integration: device is a pointer
[    83.902] (II) config/udev: Adding input device VirtualBox mouse integration (/dev/input/js1)
[    83.902] (II) No input driver specified, ignoring this device.
[    83.902] (II) This device may have been added with another device file.
[    83.905] (II) config/udev: Adding input device VirtualBox USB Tablet (/dev/input/event5)
[    83.905] (**) VirtualBox USB Tablet: Applying InputClass "libinput pointer catchall"
[    83.905] (II) Using input driver 'libinput' for 'VirtualBox USB Tablet'
[    83.964] (II) systemd-logind: got fd for /dev/input/event5 13:69 fd 26 paused 0
[    83.964] (**) VirtualBox USB Tablet: always reports core events
[    83.964] (**) Option "Device" "/dev/input/event5"
[    83.964] (**) Option "_source" "server/udev"
[    83.965] (II) event5  - VirtualBox USB Tablet: is tagged by udev as: Mouse
[    83.965] (II) event5  - VirtualBox USB Tablet: device is a pointer
[    83.965] (II) event5  - VirtualBox USB Tablet: device removed
[    83.965] (**) Option "config_info" "udev:/sys/devices/pci0000:00/0000:00:06.0/usb1/1-1/1-1:1.0/0003:80EE:0021.0001/input/input6/event5"
[    83.965] (II) XINPUT: Adding extended input device "VirtualBox USB Tablet" (type: MOUSE, id 10)
[    83.965] (**) Option "AccelerationScheme" "none"
[    83.965] (**) VirtualBox USB Tablet: (accel) selected scheme none/0
[    83.965] (**) VirtualBox USB Tablet: (accel) acceleration factor: 2.000
[    83.965] (**) VirtualBox USB Tablet: (accel) acceleration threshold: 4
[    83.966] (II) event5  - VirtualBox USB Tablet: is tagged by udev as: Mouse
[    83.966] (II) event5  - VirtualBox USB Tablet: device is a pointer
[    83.967] (II) config/udev: Adding input device VirtualBox USB Tablet (/dev/input/js0)
[    83.969] (II) No input driver specified, ignoring this device.
[    83.969] (II) This device may have been added with another device file.
[    83.986] (II) config/udev: Adding input device VirtualBox USB Tablet (/dev/input/mouse1)
[    83.986] (II) No input driver specified, ignoring this device.
[    83.986] (II) This device may have been added with another device file.
[    83.988] (II) config/udev: Adding input device AT Translated Set 2 keyboard (/dev/input/event2)
[    83.989] (**) AT Translated Set 2 keyboard: Applying InputClass "libinput keyboard catchall"
[    83.989] (II) Using input driver 'libinput' for 'AT Translated Set 2 keyboard'
[    83.991] (II) systemd-logind: got fd for /dev/input/event2 13:66 fd 27 paused 0
[    83.991] (**) AT Translated Set 2 keyboard: always reports core events
[    83.991] (**) Option "Device" "/dev/input/event2"
[    83.991] (**) Option "_source" "server/udev"
[    83.992] (II) event2  - AT Translated Set 2 keyboard: is tagged by udev as: Keyboard
[    83.992] (II) event2  - AT Translated Set 2 keyboard: device is a keyboard
[    83.992] (II) event2  - AT Translated Set 2 keyboard: device removed
[    83.993] (**) Option "config_info" "udev:/sys/devices/platform/i8042/serio0/input/input2/event2"
[    83.995] (II) XINPUT: Adding extended input device "AT Translated Set 2 keyboard" (type: KEYBOARD, id 11)
[    83.995] (**) Option "xkb_model" "pc105"
[    83.996] (**) Option "xkb_layout" "us"
[    83.999] (II) event2  - AT Translated Set 2 keyboard: is tagged by udev as: Keyboard
[    83.999] (II) event2  - AT Translated Set 2 keyboard: device is a keyboard
[    83.999] (II) config/udev: Adding input device ImExPS/2 Generic Explorer Mouse (/dev/input/event4)
[    84.000] (**) ImExPS/2 Generic Explorer Mouse: Applying InputClass "libinput pointer catchall"
[    84.000] (II) Using input driver 'libinput' for 'ImExPS/2 Generic Explorer Mouse'
[    84.002] (II) systemd-logind: got fd for /dev/input/event4 13:68 fd 28 paused 0
[    84.002] (**) ImExPS/2 Generic Explorer Mouse: always reports core events
[    84.002] (**) Option "Device" "/dev/input/event4"
[    84.002] (**) Option "_source" "server/udev"
[    84.006] (II) event4  - ImExPS/2 Generic Explorer Mouse: is tagged by udev as: Mouse
[    84.007] (II) event4  - ImExPS/2 Generic Explorer Mouse: device is a pointer
[    84.007] (II) event4  - ImExPS/2 Generic Explorer Mouse: device removed
[    84.007] (**) Option "config_info" "udev:/sys/devices/platform/i8042/serio1/input/input5/event4"
[    84.007] (II) XINPUT: Adding extended input device "ImExPS/2 Generic Explorer Mouse" (type: MOUSE, id 12)
[    84.009] (**) Option "AccelerationScheme" "none"
[    84.010] (**) ImExPS/2 Generic Explorer Mouse: (accel) selected scheme none/0
[    84.010] (**) ImExPS/2 Generic Explorer Mouse: (accel) acceleration factor: 2.000
[    84.010] (**) ImExPS/2 Generic Explorer Mouse: (accel) acceleration threshold: 4
[    84.011] (II) event4  - ImExPS/2 Generic Explorer Mouse: is tagged by udev as: Mouse
[    84.011] (II) event4  - ImExPS/2 Generic Explorer Mouse: device is a pointer
[    84.011] (II) config/udev: Adding input device ImExPS/2 Generic Explorer Mouse (/dev/input/mouse0)
[    84.012] (II) No input driver specified, ignoring this device.
[    84.012] (II) This device may have been added with another device file.
[   226.778] (!!) vmware(0): New layout.
[   226.778] (!!) vmware(0): 0: 0 0 640 480
[   226.779] (!!) vmware(0): 
[   231.268] (!!) vmware(0): New layout.
[   231.268] (!!) vmware(0): 0: 0 0 938 480
[   231.268] (!!) vmware(0): 
[   231.292] (EE) No surface to present from.
[   231.342] (!!) vmware(0): New layout.
[   231.342] (!!) vmware(0): 0: 0 0 944 480
[   231.343] (!!) vmware(0): 
[   231.378] (EE) No surface to present from.
[   231.516] (!!) vmware(0): New layout.
[   231.517] (!!) vmware(0): 0: 0 0 820 480
[   231.517] (!!) vmware(0): 
[   231.557] (EE) No surface to present from.
[   231.652] (!!) vmware(0): New layout.
[   231.652] (!!) vmware(0): 0: 0 0 626 480
[   231.652] (!!) vmware(0): 
[   231.793] (!!) vmware(0): New layout.
[   231.793] (!!) vmware(0): 0: 0 0 558 480
[   231.793] (!!) vmware(0): 
[   231.916] (!!) vmware(0): New layout.
[   231.916] (!!) vmware(0): 0: 0 0 548 480
[   231.916] (!!) vmware(0): 
[   232.038] (!!) vmware(0): New layout.
[   232.039] (!!) vmware(0): 0: 0 0 544 480
[   232.039] (!!) vmware(0): 
[   232.136] (!!) vmware(0): New layout.
[   232.137] (!!) vmware(0): 0: 0 0 545 480
[   232.137] (!!) vmware(0): 
[   232.158] (EE) No surface to present from.
[   232.231] (!!) vmware(0): New layout.
[   232.231] (!!) vmware(0): 0: 0 0 547 480
[   232.231] (!!) vmware(0): 
[   232.302] (EE) No surface to present from.
[   232.422] (!!) vmware(0): New layout.
[   232.422] (!!) vmware(0): 0: 0 0 590 480
[   232.422] (!!) vmware(0): 
[   232.456] (EE) No surface to present from.
[   237.189] (!!) vmware(0): New layout.
[   237.189] (!!) vmware(0): 0: 0 0 795 480
[   237.189] (!!) vmware(0): 
[   237.204] (EE) No surface to present from.
[   237.242] (!!) vmware(0): New layout.
[   237.242] (!!) vmware(0): 0: 0 0 802 480
[   237.243] (!!) vmware(0): 
[   237.279] (EE) No surface to present from.
[   237.394] (!!) vmware(0): New layout.
[   237.394] (!!) vmware(0): 0: 0 0 826 480
[   237.395] (!!) vmware(0): 
[   237.427] (EE) No surface to present from.
[   240.463] (!!) vmware(0): New layout.
[   240.463] (!!) vmware(0): 0: 0 0 829 480
[   240.463] (!!) vmware(0): 
[   240.502] (EE) No surface to present from.
[   240.807] (!!) vmware(0): New layout.
[   240.807] (!!) vmware(0): 0: 0 0 830 480
[   240.808] (!!) vmware(0): 
[   240.863] (EE) No surface to present from.
[   618.212] (!!) vmware(0): New layout.
[   618.212] (!!) vmware(0): 0: 0 0 1920 950
[   618.212] (!!) vmware(0): 
[   618.223] (EE) No surface to present from.
[   766.141] (II) event4  - ImExPS/2 Generic Explorer Mouse: Enabling spurious button debouncing, see https://wayland.freedesktop.org/libinput/doc/1.10.4/button_debouncing.html for details
